#
# A fatal error has been detected by the Java Runtime Environment:
#
#  EXCEPTION_ACCESS_VIOLATION (0xc0000005) at pc=0x00007fff7c3b3416, pid=6668, tid=2848
#
# JRE version: OpenJDK Runtime Environment Temurin-17.0.2+8 (17.0.2+8) (build 17.0.2+8)
# Java VM: OpenJDK 64-Bit Server VM Temurin-17.0.2+8 (17.0.2+8, mixed mode, tiered, compressed oops, compressed class ptrs, g1 gc, windows-amd64)
# Problematic frame:
# C  [ntdll.dll+0x63416]
#
# No core dump will be written. Minidumps are not enabled by default on client versions of Windows
#
# If you would like to submit a bug report, please visit:
#   https://github.com/adoptium/adoptium-support/issues
# The crash happened outside the Java Virtual Machine in native code.
# See problematic frame for where to report the bug.
#

---------------  S U M M A R Y ------------

Command Line: -XX:+ShowCodeDetailsInExceptionMessages -agentlib:jdwp=transport=dt_socket,suspend=y,address=localhost:51570 -javaagent:C:\Users\bogd\eclipse\configuration\org.eclipse.osgi\768\0\.cp\lib\javaagent-shaded.jar -Dfile.encoding=Cp1251 CityLink2RTR.Launcher

Host: Intel(R) Pentium(R) CPU G3240 @ 3.10GHz, 2 cores, 7G,  Windows 10 , 64 bit Build 19041 (10.0.19041.1741)
Time: Mon Jun 27 15:02:18 2022 RTZ 1 (s 10 , 64 bit Build 19041 (10.0.19041.1741) elapsed time: 8.151892 seconds (0d 0h 0m 8s)

---------------  T H R E A D  ---------------

Current thread (0x000002841db681d0):  JavaThread "Thread-2" [_thread_in_native, id=2848, stack(0x000000bdb0f00000,0x000000bdb1000000)]

Stack: [0x000000bdb0f00000,0x000000bdb1000000],  sp=0x000000bdb0fff070,  free space=1020k
Native frames: (J=compiled Java code, j=interpreted, Vv=VM code, C=native code)
C  [ntdll.dll+0x63416]
C  [ntdll.dll+0x2fcb4]
C  [ntdll.dll+0x2fae2]
C  [1656334931486-jSerialComm.dll+0x3cb2]

Java frames: (J=compiled Java code, j=interpreted, Vv=VM code)
j  com.fazecast.jSerialComm.SerialPort.closePortNative(J)J+0
j  com.fazecast.jSerialComm.SerialPort.closePort()Z+29
j  SerialPort.SerialPortReader.stop()V+39
j  SerialPort.SerialPortReader.run()V+121
j  java.lang.Thread.run()V+11 java.base@17.0.2
v  ~StubRoutines::call_stub

siginfo: EXCEPTION_ACCESS_VIOLATION (0xc0000005), writing address 0x0000000000000024


Register to memory mapping:

RIP=0x00007fff7c3b3416 ntdll.dll
RAX=0x0 is NULL
RBX=0x00007fff6d54fd00 1656334931486-jSerialComm.dll
RCX=0x00007fff6d54fd00 1656334931486-jSerialComm.dll
RDX=0x00000000fffffffa is an unallocated location in the heap
RSP=0x000000bdb0fff070 is pointing into the stack for thread: 0x000002841db681d0
RBP=0x000000bdb0fff200 is pointing into the stack for thread: 0x000002841db681d0
RSI=0x0 is NULL
RDI=0x0 is NULL
R8 =0x0 is NULL
R9 =0x00007fff6d54fd00 1656334931486-jSerialComm.dll
R10=0x0 is NULL
R11=0x0000000000000246 is an unknown value
R12=0x0 is NULL
R13=0x000000bdaf120000 points into unknown readable memory: 0x0000000000000000 | 00 00 00 00 00 00 00 00
R14=0x0000000000000001 is an unknown value
R15=0x0 is NULL


Registers:
RAX=0x0000000000000000, RBX=0x00007fff6d54fd00, RCX=0x00007fff6d54fd00, RDX=0x00000000fffffffa
RSP=0x000000bdb0fff070, RBP=0x000000bdb0fff200, RSI=0x0000000000000000, RDI=0x0000000000000000
R8 =0x0000000000000000, R9 =0x00007fff6d54fd00, R10=0x0000000000000000, R11=0x0000000000000246
R12=0x0000000000000000, R13=0x000000bdaf120000, R14=0x0000000000000001, R15=0x0000000000000000
RIP=0x00007fff7c3b3416, EFLAGS=0x0000000000010213

Top of Stack: (sp=0x000000bdb0fff070)
0x000000bdb0fff070:   ffffffffffffffff 00007fff6d54fd00
0x000000bdb0fff080:   0000000000000000 0000000000000000
0x000000bdb0fff090:   0000000000000000 0000000000000000
0x000000bdb0fff0a0:   0000000000000000 0000000000000000
0x000000bdb0fff0b0:   0000000000000000 00000000fffffffa
0x000000bdb0fff0c0:   000000bdaf120000 0000000000000000
0x000000bdb0fff0d0:   0000000000000000 0000000000000000
0x000000bdb0fff0e0:   0000000000000000 0000000000000000
0x000000bdb0fff0f0:   0000000000000000 0000000000000000
0x000000bdb0fff100:   00009b6dce3ad9df 0000000000000000
0x000000bdb0fff110:   000002841db68100 0000000000000001
0x000000bdb0fff120:   0000000000000001 0000000000000001
0x000000bdb0fff130:   0000000000000000 00007fff6d54fd00
0x000000bdb0fff140:   000000bdb0fff200 00007fff7c37fcb4
0x000000bdb0fff150:   0000000000000000 0000000000000000
0x000000bdb0fff160:   00000000fffffffa 0000000000000000 

Instructions: (pc=0x00007fff7c3b3416)
0x00007fff7c3b3316:   20 e9 ed fe ff ff 48 89 41 18 e9 e4 fe ff ff cc
0x00007fff7c3b3326:   cc cc cc cc cc cc cc cc cc cc 80 3d d1 81 10 00
0x00007fff7c3b3336:   00 0f 95 c0 c3 cc cc cc cc cc cc cc cc cc cc cc
0x00007fff7c3b3346:   cc cc cc cc cc cc cc cc cc cc 48 83 ec 38 8b 05
0x00007fff7c3b3356:   d2 67 10 00 89 44 24 20 e8 41 02 00 00 48 83 c4
0x00007fff7c3b3366:   38 c3 cc cc cc cc cc cc cc cc 48 89 5c 24 18 55
0x00007fff7c3b3376:   56 57 41 54 41 55 41 56 41 57 48 81 ec a0 00 00
0x00007fff7c3b3386:   00 48 8b 05 82 01 12 00 48 33 c4 48 89 84 24 90
0x00007fff7c3b3396:   00 00 00 65 4c 8b 2c 25 30 00 00 00 48 8d 05 4f
0x00007fff7c3b33a6:   21 10 00 40 32 ed 89 54 24 48 33 f6 40 88 6c 24
0x00007fff7c3b33b6:   40 4c 89 6c 24 50 48 8b d9 44 8b e6 48 3b c8 0f
0x00007fff7c3b33c6:   84 39 01 00 00 40 38 35 36 81 10 00 0f 85 a8 01
0x00007fff7c3b33d6:   00 00 39 35 4a 81 10 00 0f 85 6a 01 00 00 40 38
0x00007fff7c3b33e6:   35 0d 7c 10 00 48 8d 3d 0e 7c 10 00 48 0f 45 fe
0x00007fff7c3b33f6:   48 39 73 18 0f 84 d2 00 00 00 48 8b 03 48 83 f8
0x00007fff7c3b3406:   ff 0f 84 d2 00 00 00 44 8b fe 48 83 f8 ff 74 03
0x00007fff7c3b3416:   ff 40 24 4c 8b 73 18 4c 8d 2d d4 20 10 00 bd 22
0x00007fff7c3b3426:   17 00 00 e8 22 14 fc ff 85 c0 0f 85 be b2 05 00
0x00007fff7c3b3436:   b9 82 03 fe 7f 80 39 00 0f 85 cc b2 05 00 49 83
0x00007fff7c3b3446:   fe ff 0f 85 5a b3 05 00 4c 8b cf c7 44 24 20 00
0x00007fff7c3b3456:   00 00 00 41 b8 04 00 00 00 48 8d 54 24 48 48 8d
0x00007fff7c3b3466:   4b 08 e8 37 01 00 00 3d 02 01 00 00 0f 84 43 b3
0x00007fff7c3b3476:   05 00 8b 4b 08 89 4c 24 48 f6 c1 02 75 ca 3d 02
0x00007fff7c3b3486:   01 00 00 0f 84 2c b3 05 00 0f b6 6c 24 40 4c 8b
0x00007fff7c3b3496:   6c 24 50 85 c0 0f 88 78 b4 05 00 40 84 ed 75 73
0x00007fff7c3b34a6:   48 8b 8c 24 90 00 00 00 48 33 cc e8 7a 8d 02 00
0x00007fff7c3b34b6:   48 8b 9c 24 f0 00 00 00 48 81 c4 a0 00 00 00 41
0x00007fff7c3b34c6:   5f 41 5e 41 5d 41 5c 5f 5e 5d c3 cc 48 8b cb e8
0x00007fff7c3b34d6:   56 05 00 00 e9 21 ff ff ff 8b 4b 20 48 c7 c0 ff
0x00007fff7c3b34e6:   ff ff ff 48 0f ba e1 18 0f 82 19 ff ff ff 48 8b
0x00007fff7c3b34f6:   cb e8 44 e3 fa ff 48 8b 03 e9 09 ff ff ff c6 44
0x00007fff7c3b3506:   24 40 01 41 c7 85 60 17 00 00 01 00 00 00 e9 b2 


Stack slot to memory mapping:
stack at sp + 0 slots: 0xffffffffffffffff is an unknown value
stack at sp + 1 slots: 0x00007fff6d54fd00 1656334931486-jSerialComm.dll
stack at sp + 2 slots: 0x0 is NULL
stack at sp + 3 slots: 0x0 is NULL
stack at sp + 4 slots: 0x0 is NULL
stack at sp + 5 slots: 0x0 is NULL
stack at sp + 6 slots: 0x0 is NULL
stack at sp + 7 slots: 0x0 is NULL


---------------  P R O C E S S  ---------------

Threads class SMR info:
_java_thread_list=0x000002841dc2d390, length=23, elements={
0x000002841c3fd7e0, 0x000002841c3ff000, 0x000002841c41ec60, 0x000002841c420530,
0x000002841c420df0, 0x000002841c4216b0, 0x000002841c4222a0, 0x000002841d0144a0,
0x000002841d0598e0, 0x000002841d118b30, 0x000002841d1ec750, 0x000002841d259820,
0x000002841d274020, 0x000002841d3fea40, 0x000002841d297760, 0x000002841db62190,
0x000002841db67500, 0x000002841db681d0, 0x000002841dbb2b20, 0x000002841dbb2ff0,
0x000002841dbb1cb0, 0x000002841dbb4330, 0x000002841dbb3e60
}

Java Threads: ( => current thread )
  0x000002841c3fd7e0 JavaThread "Reference Handler" daemon [_thread_blocked, id=7248, stack(0x000000bdafc00000,0x000000bdafd00000)]
  0x000002841c3ff000 JavaThread "Finalizer" daemon [_thread_blocked, id=6048, stack(0x000000bdafd00000,0x000000bdafe00000)]
  0x000002841c41ec60 JavaThread "Signal Dispatcher" daemon [_thread_blocked, id=8432, stack(0x000000bdafe00000,0x000000bdaff00000)]
  0x000002841c420530 JavaThread "Attach Listener" daemon [_thread_blocked, id=6732, stack(0x000000bdaff00000,0x000000bdb0000000)]
  0x000002841c420df0 JavaThread "Service Thread" daemon [_thread_blocked, id=3400, stack(0x000000bdb0000000,0x000000bdb0100000)]
  0x000002841c4216b0 JavaThread "Monitor Deflation Thread" daemon [_thread_blocked, id=5964, stack(0x000000bdb0100000,0x000000bdb0200000)]
  0x000002841c4222a0 JavaThread "C2 CompilerThread0" daemon [_thread_blocked, id=6096, stack(0x000000bdb0200000,0x000000bdb0300000)]
  0x000002841d0144a0 JavaThread "C1 CompilerThread0" daemon [_thread_blocked, id=9056, stack(0x000000bdb0300000,0x000000bdb0400000)]
  0x000002841d0598e0 JavaThread "Sweeper thread" daemon [_thread_blocked, id=4472, stack(0x000000bdb0400000,0x000000bdb0500000)]
  0x000002841d118b30 JavaThread "Common-Cleaner" daemon [_thread_blocked, id=2860, stack(0x000000bdb0500000,0x000000bdb0600000)]
  0x000002841d1ec750 JavaThread "JDWP Transport Listener: dt_socket" daemon [_thread_blocked, id=996, stack(0x000000bdb0600000,0x000000bdb0700000)]
  0x000002841d259820 JavaThread "JDWP Event Helper Thread" daemon [_thread_blocked, id=6804, stack(0x000000bdb0700000,0x000000bdb0800000)]
  0x000002841d274020 JavaThread "JDWP Command Reader" daemon [_thread_in_native, id=1700, stack(0x000000bdb0800000,0x000000bdb0900000)]
  0x000002841d3fea40 JavaThread "Notification Thread" daemon [_thread_blocked, id=3228, stack(0x000000bdb0900000,0x000000bdb0a00000)]
  0x000002841d297760 JavaThread "Timer-0" [_thread_blocked, id=7596, stack(0x000000bdb0c00000,0x000000bdb0d00000)]
  0x000002841db62190 JavaThread "server-timer" daemon [_thread_blocked, id=5020, stack(0x000000bdb0d00000,0x000000bdb0e00000)]
  0x000002841db67500 JavaThread "HTTP-Dispatcher" [_thread_blocked, id=2144, stack(0x000000bdb0e00000,0x000000bdb0f00000)]
=>0x000002841db681d0 JavaThread "Thread-2" [_thread_in_native, id=2848, stack(0x000000bdb0f00000,0x000000bdb1000000)]
  0x000002841dbb2b20 JavaThread "receive_thread" [_thread_in_native, id=1944, stack(0x000000bdb1100000,0x000000bdb1200000)]
  0x000002841dbb2ff0 JavaThread "receive_thread" [_thread_in_native, id=1680, stack(0x000000bdb1300000,0x000000bdb1400000)]
  0x000002841dbb1cb0 JavaThread "receive_thread" [_thread_in_native, id=228, stack(0x000000bdb1500000,0x000000bdb1600000)]
  0x000002841dbb4330 JavaThread "DestroyJavaVM" [_thread_blocked, id=3020, stack(0x000000bdaf500000,0x000000bdaf600000)]
  0x000002841dbb3e60 JavaThread "Thread-3" [_thread_blocked, id=3320, stack(0x000000bdb1700000,0x000000bdb1800000)]

Other Threads:
  0x000002841c4167c0 VMThread "VM Thread" [stack: 0x000000bdafb00000,0x000000bdafc00000] [id=4464]
  0x000002841d3c3f20 WatcherThread [stack: 0x000000bdb0a00000,0x000000bdb0b00000] [id=8736]
  0x00000284031f0e90 GCTaskThread "GC Thread#0" [stack: 0x000000bdaf600000,0x000000bdaf700000] [id=5372]
  0x000002841d3e8630 GCTaskThread "GC Thread#1" [stack: 0x000000bdb0b00000,0x000000bdb0c00000] [id=364]
  0x0000028403201b20 ConcurrentGCThread "G1 Main Marker" [stack: 0x000000bdaf700000,0x000000bdaf800000] [id=3740]
  0x0000028403202d20 ConcurrentGCThread "G1 Conc#0" [stack: 0x000000bdaf800000,0x000000bdaf900000] [id=5092]
  0x00000284032719d0 ConcurrentGCThread "G1 Refine#0" [stack: 0x000000bdaf900000,0x000000bdafa00000] [id=1844]
  0x0000028403273bf0 ConcurrentGCThread "G1 Service" [stack: 0x000000bdafa00000,0x000000bdafb00000] [id=5572]

Threads with active compile tasks:

VM state: not at safepoint (normal execution)

VM Mutex/Monitor currently owned by a thread: None

Heap address: 0x0000000080e00000, size: 2034 MB, Compressed Oops mode: 32-bit

CDS archive(s) not mapped
Compressed class space mapped at: 0x0000000100000000-0x0000000140000000, reserved size: 1073741824
Narrow klass base: 0x0000000000000000, Narrow klass shift: 3, Narrow klass range: 0x140000000

GC Precious Log:
 CPUs: 2 total, 2 available
 Memory: 8131M
 Large Page Support: Disabled
 NUMA Support: Disabled
 Compressed Oops: Enabled (32-bit)
 Heap Region Size: 1M
 Heap Min Capacity: 8M
 Heap Initial Capacity: 128M
 Heap Max Capacity: 2034M
 Pre-touch: Disabled
 Parallel Workers: 2
 Concurrent Workers: 1
 Concurrent Refinement Workers: 2
 Periodic GC: Disabled

Heap:
 garbage-first heap   total 131072K, used 10211K [0x0000000080e00000, 0x0000000100000000)
  region size 1024K, 10 young (10240K), 1 survivors (1024K)
 Metaspace       used 14352K, committed 14528K, reserved 1064960K
  class space    used 1322K, committed 1408K, reserved 1048576K

Heap Regions: E=young(eden), S=young(survivor), O=old, HS=humongous(starts), HC=humongous(continues), CS=collection set, F=free, OA=open archive, CA=closed archive, TAMS=top-at-mark-start (previous, next)
|   0|0x0000000080e00000, 0x0000000080f00000, 0x0000000080f00000|100%| O|  |TAMS 0x0000000080e00000, 0x0000000080e00000| Untracked 
|   1|0x0000000080f00000, 0x0000000081000000, 0x0000000081000000|100%| O|  |TAMS 0x0000000080f00000, 0x0000000080f00000| Untracked 
|   2|0x0000000081000000, 0x0000000081016c00, 0x0000000081100000|  8%| O|  |TAMS 0x0000000081000000, 0x0000000081000000| Untracked 
|   3|0x0000000081100000, 0x0000000081100000, 0x0000000081200000|  0%| F|  |TAMS 0x0000000081100000, 0x0000000081100000| Untracked 
|   4|0x0000000081200000, 0x0000000081200000, 0x0000000081300000|  0%| F|  |TAMS 0x0000000081200000, 0x0000000081200000| Untracked 
|   5|0x0000000081300000, 0x0000000081300000, 0x0000000081400000|  0%| F|  |TAMS 0x0000000081300000, 0x0000000081300000| Untracked 
|   6|0x0000000081400000, 0x0000000081400000, 0x0000000081500000|  0%| F|  |TAMS 0x0000000081400000, 0x0000000081400000| Untracked 
|   7|0x0000000081500000, 0x0000000081500000, 0x0000000081600000|  0%| F|  |TAMS 0x0000000081500000, 0x0000000081500000| Untracked 
|   8|0x0000000081600000, 0x0000000081600000, 0x0000000081700000|  0%| F|  |TAMS 0x0000000081600000, 0x0000000081600000| Untracked 
|   9|0x0000000081700000, 0x0000000081700000, 0x0000000081800000|  0%| F|  |TAMS 0x0000000081700000, 0x0000000081700000| Untracked 
|  10|0x0000000081800000, 0x0000000081800000, 0x0000000081900000|  0%| F|  |TAMS 0x0000000081800000, 0x0000000081800000| Untracked 
|  11|0x0000000081900000, 0x0000000081900000, 0x0000000081a00000|  0%| F|  |TAMS 0x0000000081900000, 0x0000000081900000| Untracked 
|  12|0x0000000081a00000, 0x0000000081a00000, 0x0000000081b00000|  0%| F|  |TAMS 0x0000000081a00000, 0x0000000081a00000| Untracked 
|  13|0x0000000081b00000, 0x0000000081b00000, 0x0000000081c00000|  0%| F|  |TAMS 0x0000000081b00000, 0x0000000081b00000| Untracked 
|  14|0x0000000081c00000, 0x0000000081c00000, 0x0000000081d00000|  0%| F|  |TAMS 0x0000000081c00000, 0x0000000081c00000| Untracked 
|  15|0x0000000081d00000, 0x0000000081d00000, 0x0000000081e00000|  0%| F|  |TAMS 0x0000000081d00000, 0x0000000081d00000| Untracked 
|  16|0x0000000081e00000, 0x0000000081e00000, 0x0000000081f00000|  0%| F|  |TAMS 0x0000000081e00000, 0x0000000081e00000| Untracked 
|  17|0x0000000081f00000, 0x0000000081f00000, 0x0000000082000000|  0%| F|  |TAMS 0x0000000081f00000, 0x0000000081f00000| Untracked 
|  18|0x0000000082000000, 0x0000000082000000, 0x0000000082100000|  0%| F|  |TAMS 0x0000000082000000, 0x0000000082000000| Untracked 
|  19|0x0000000082100000, 0x0000000082100000, 0x0000000082200000|  0%| F|  |TAMS 0x0000000082100000, 0x0000000082100000| Untracked 
|  20|0x0000000082200000, 0x0000000082200000, 0x0000000082300000|  0%| F|  |TAMS 0x0000000082200000, 0x0000000082200000| Untracked 
|  21|0x0000000082300000, 0x0000000082300000, 0x0000000082400000|  0%| F|  |TAMS 0x0000000082300000, 0x0000000082300000| Untracked 
|  22|0x0000000082400000, 0x0000000082400000, 0x0000000082500000|  0%| F|  |TAMS 0x0000000082400000, 0x0000000082400000| Untracked 
|  23|0x0000000082500000, 0x0000000082500000, 0x0000000082600000|  0%| F|  |TAMS 0x0000000082500000, 0x0000000082500000| Untracked 
|  24|0x0000000082600000, 0x0000000082600000, 0x0000000082700000|  0%| F|  |TAMS 0x0000000082600000, 0x0000000082600000| Untracked 
|  25|0x0000000082700000, 0x0000000082700000, 0x0000000082800000|  0%| F|  |TAMS 0x0000000082700000, 0x0000000082700000| Untracked 
|  26|0x0000000082800000, 0x0000000082800000, 0x0000000082900000|  0%| F|  |TAMS 0x0000000082800000, 0x0000000082800000| Untracked 
|  27|0x0000000082900000, 0x0000000082900000, 0x0000000082a00000|  0%| F|  |TAMS 0x0000000082900000, 0x0000000082900000| Untracked 
|  28|0x0000000082a00000, 0x0000000082a00000, 0x0000000082b00000|  0%| F|  |TAMS 0x0000000082a00000, 0x0000000082a00000| Untracked 
|  29|0x0000000082b00000, 0x0000000082b00000, 0x0000000082c00000|  0%| F|  |TAMS 0x0000000082b00000, 0x0000000082b00000| Untracked 
|  30|0x0000000082c00000, 0x0000000082c00000, 0x0000000082d00000|  0%| F|  |TAMS 0x0000000082c00000, 0x0000000082c00000| Untracked 
|  31|0x0000000082d00000, 0x0000000082d00000, 0x0000000082e00000|  0%| F|  |TAMS 0x0000000082d00000, 0x0000000082d00000| Untracked 
|  32|0x0000000082e00000, 0x0000000082e00000, 0x0000000082f00000|  0%| F|  |TAMS 0x0000000082e00000, 0x0000000082e00000| Untracked 
|  33|0x0000000082f00000, 0x0000000082f00000, 0x0000000083000000|  0%| F|  |TAMS 0x0000000082f00000, 0x0000000082f00000| Untracked 
|  34|0x0000000083000000, 0x0000000083000000, 0x0000000083100000|  0%| F|  |TAMS 0x0000000083000000, 0x0000000083000000| Untracked 
|  35|0x0000000083100000, 0x0000000083100000, 0x0000000083200000|  0%| F|  |TAMS 0x0000000083100000, 0x0000000083100000| Untracked 
|  36|0x0000000083200000, 0x0000000083200000, 0x0000000083300000|  0%| F|  |TAMS 0x0000000083200000, 0x0000000083200000| Untracked 
|  37|0x0000000083300000, 0x0000000083300000, 0x0000000083400000|  0%| F|  |TAMS 0x0000000083300000, 0x0000000083300000| Untracked 
|  38|0x0000000083400000, 0x0000000083400000, 0x0000000083500000|  0%| F|  |TAMS 0x0000000083400000, 0x0000000083400000| Untracked 
|  39|0x0000000083500000, 0x0000000083500000, 0x0000000083600000|  0%| F|  |TAMS 0x0000000083500000, 0x0000000083500000| Untracked 
|  40|0x0000000083600000, 0x0000000083600000, 0x0000000083700000|  0%| F|  |TAMS 0x0000000083600000, 0x0000000083600000| Untracked 
|  41|0x0000000083700000, 0x0000000083700000, 0x0000000083800000|  0%| F|  |TAMS 0x0000000083700000, 0x0000000083700000| Untracked 
|  42|0x0000000083800000, 0x0000000083800000, 0x0000000083900000|  0%| F|  |TAMS 0x0000000083800000, 0x0000000083800000| Untracked 
|  43|0x0000000083900000, 0x0000000083900000, 0x0000000083a00000|  0%| F|  |TAMS 0x0000000083900000, 0x0000000083900000| Untracked 
|  44|0x0000000083a00000, 0x0000000083a00000, 0x0000000083b00000|  0%| F|  |TAMS 0x0000000083a00000, 0x0000000083a00000| Untracked 
|  45|0x0000000083b00000, 0x0000000083b00000, 0x0000000083c00000|  0%| F|  |TAMS 0x0000000083b00000, 0x0000000083b00000| Untracked 
|  46|0x0000000083c00000, 0x0000000083c00000, 0x0000000083d00000|  0%| F|  |TAMS 0x0000000083c00000, 0x0000000083c00000| Untracked 
|  47|0x0000000083d00000, 0x0000000083d00000, 0x0000000083e00000|  0%| F|  |TAMS 0x0000000083d00000, 0x0000000083d00000| Untracked 
|  48|0x0000000083e00000, 0x0000000083e00000, 0x0000000083f00000|  0%| F|  |TAMS 0x0000000083e00000, 0x0000000083e00000| Untracked 
|  49|0x0000000083f00000, 0x0000000083f00000, 0x0000000084000000|  0%| F|  |TAMS 0x0000000083f00000, 0x0000000083f00000| Untracked 
|  50|0x0000000084000000, 0x0000000084000000, 0x0000000084100000|  0%| F|  |TAMS 0x0000000084000000, 0x0000000084000000| Untracked 
|  51|0x0000000084100000, 0x0000000084100000, 0x0000000084200000|  0%| F|  |TAMS 0x0000000084100000, 0x0000000084100000| Untracked 
|  52|0x0000000084200000, 0x0000000084200000, 0x0000000084300000|  0%| F|  |TAMS 0x0000000084200000, 0x0000000084200000| Untracked 
|  53|0x0000000084300000, 0x0000000084300000, 0x0000000084400000|  0%| F|  |TAMS 0x0000000084300000, 0x0000000084300000| Untracked 
|  54|0x0000000084400000, 0x0000000084400000, 0x0000000084500000|  0%| F|  |TAMS 0x0000000084400000, 0x0000000084400000| Untracked 
|  55|0x0000000084500000, 0x0000000084500000, 0x0000000084600000|  0%| F|  |TAMS 0x0000000084500000, 0x0000000084500000| Untracked 
|  56|0x0000000084600000, 0x0000000084600000, 0x0000000084700000|  0%| F|  |TAMS 0x0000000084600000, 0x0000000084600000| Untracked 
|  57|0x0000000084700000, 0x0000000084700000, 0x0000000084800000|  0%| F|  |TAMS 0x0000000084700000, 0x0000000084700000| Untracked 
|  58|0x0000000084800000, 0x0000000084800000, 0x0000000084900000|  0%| F|  |TAMS 0x0000000084800000, 0x0000000084800000| Untracked 
|  59|0x0000000084900000, 0x0000000084900000, 0x0000000084a00000|  0%| F|  |TAMS 0x0000000084900000, 0x0000000084900000| Untracked 
|  60|0x0000000084a00000, 0x0000000084a00000, 0x0000000084b00000|  0%| F|  |TAMS 0x0000000084a00000, 0x0000000084a00000| Untracked 
|  61|0x0000000084b00000, 0x0000000084b00000, 0x0000000084c00000|  0%| F|  |TAMS 0x0000000084b00000, 0x0000000084b00000| Untracked 
|  62|0x0000000084c00000, 0x0000000084c00000, 0x0000000084d00000|  0%| F|  |TAMS 0x0000000084c00000, 0x0000000084c00000| Untracked 
|  63|0x0000000084d00000, 0x0000000084d00000, 0x0000000084e00000|  0%| F|  |TAMS 0x0000000084d00000, 0x0000000084d00000| Untracked 
|  64|0x0000000084e00000, 0x0000000084e00000, 0x0000000084f00000|  0%| F|  |TAMS 0x0000000084e00000, 0x0000000084e00000| Untracked 
|  65|0x0000000084f00000, 0x0000000084f00000, 0x0000000085000000|  0%| F|  |TAMS 0x0000000084f00000, 0x0000000084f00000| Untracked 
|  66|0x0000000085000000, 0x0000000085000000, 0x0000000085100000|  0%| F|  |TAMS 0x0000000085000000, 0x0000000085000000| Untracked 
|  67|0x0000000085100000, 0x0000000085100000, 0x0000000085200000|  0%| F|  |TAMS 0x0000000085100000, 0x0000000085100000| Untracked 
|  68|0x0000000085200000, 0x0000000085200000, 0x0000000085300000|  0%| F|  |TAMS 0x0000000085200000, 0x0000000085200000| Untracked 
|  69|0x0000000085300000, 0x0000000085300000, 0x0000000085400000|  0%| F|  |TAMS 0x0000000085300000, 0x0000000085300000| Untracked 
|  70|0x0000000085400000, 0x0000000085400000, 0x0000000085500000|  0%| F|  |TAMS 0x0000000085400000, 0x0000000085400000| Untracked 
|  71|0x0000000085500000, 0x0000000085500000, 0x0000000085600000|  0%| F|  |TAMS 0x0000000085500000, 0x0000000085500000| Untracked 
|  72|0x0000000085600000, 0x0000000085600000, 0x0000000085700000|  0%| F|  |TAMS 0x0000000085600000, 0x0000000085600000| Untracked 
|  73|0x0000000085700000, 0x0000000085700000, 0x0000000085800000|  0%| F|  |TAMS 0x0000000085700000, 0x0000000085700000| Untracked 
|  74|0x0000000085800000, 0x0000000085800000, 0x0000000085900000|  0%| F|  |TAMS 0x0000000085800000, 0x0000000085800000| Untracked 
|  75|0x0000000085900000, 0x0000000085900000, 0x0000000085a00000|  0%| F|  |TAMS 0x0000000085900000, 0x0000000085900000| Untracked 
|  76|0x0000000085a00000, 0x0000000085a00000, 0x0000000085b00000|  0%| F|  |TAMS 0x0000000085a00000, 0x0000000085a00000| Untracked 
|  77|0x0000000085b00000, 0x0000000085b00000, 0x0000000085c00000|  0%| F|  |TAMS 0x0000000085b00000, 0x0000000085b00000| Untracked 
|  78|0x0000000085c00000, 0x0000000085c00000, 0x0000000085d00000|  0%| F|  |TAMS 0x0000000085c00000, 0x0000000085c00000| Untracked 
|  79|0x0000000085d00000, 0x0000000085d00000, 0x0000000085e00000|  0%| F|  |TAMS 0x0000000085d00000, 0x0000000085d00000| Untracked 
|  80|0x0000000085e00000, 0x0000000085e00000, 0x0000000085f00000|  0%| F|  |TAMS 0x0000000085e00000, 0x0000000085e00000| Untracked 
|  81|0x0000000085f00000, 0x0000000085f00000, 0x0000000086000000|  0%| F|  |TAMS 0x0000000085f00000, 0x0000000085f00000| Untracked 
|  82|0x0000000086000000, 0x0000000086000000, 0x0000000086100000|  0%| F|  |TAMS 0x0000000086000000, 0x0000000086000000| Untracked 
|  83|0x0000000086100000, 0x0000000086100000, 0x0000000086200000|  0%| F|  |TAMS 0x0000000086100000, 0x0000000086100000| Untracked 
|  84|0x0000000086200000, 0x0000000086200000, 0x0000000086300000|  0%| F|  |TAMS 0x0000000086200000, 0x0000000086200000| Untracked 
|  85|0x0000000086300000, 0x0000000086300000, 0x0000000086400000|  0%| F|  |TAMS 0x0000000086300000, 0x0000000086300000| Untracked 
|  86|0x0000000086400000, 0x0000000086400000, 0x0000000086500000|  0%| F|  |TAMS 0x0000000086400000, 0x0000000086400000| Untracked 
|  87|0x0000000086500000, 0x0000000086500000, 0x0000000086600000|  0%| F|  |TAMS 0x0000000086500000, 0x0000000086500000| Untracked 
|  88|0x0000000086600000, 0x0000000086600000, 0x0000000086700000|  0%| F|  |TAMS 0x0000000086600000, 0x0000000086600000| Untracked 
|  89|0x0000000086700000, 0x0000000086700000, 0x0000000086800000|  0%| F|  |TAMS 0x0000000086700000, 0x0000000086700000| Untracked 
|  90|0x0000000086800000, 0x0000000086800000, 0x0000000086900000|  0%| F|  |TAMS 0x0000000086800000, 0x0000000086800000| Untracked 
|  91|0x0000000086900000, 0x0000000086900000, 0x0000000086a00000|  0%| F|  |TAMS 0x0000000086900000, 0x0000000086900000| Untracked 
|  92|0x0000000086a00000, 0x0000000086a00000, 0x0000000086b00000|  0%| F|  |TAMS 0x0000000086a00000, 0x0000000086a00000| Untracked 
|  93|0x0000000086b00000, 0x0000000086b00000, 0x0000000086c00000|  0%| F|  |TAMS 0x0000000086b00000, 0x0000000086b00000| Untracked 
|  94|0x0000000086c00000, 0x0000000086c00000, 0x0000000086d00000|  0%| F|  |TAMS 0x0000000086c00000, 0x0000000086c00000| Untracked 
|  95|0x0000000086d00000, 0x0000000086d00000, 0x0000000086e00000|  0%| F|  |TAMS 0x0000000086d00000, 0x0000000086d00000| Untracked 
|  96|0x0000000086e00000, 0x0000000086e00000, 0x0000000086f00000|  0%| F|  |TAMS 0x0000000086e00000, 0x0000000086e00000| Untracked 
|  97|0x0000000086f00000, 0x0000000086f00000, 0x0000000087000000|  0%| F|  |TAMS 0x0000000086f00000, 0x0000000086f00000| Untracked 
|  98|0x0000000087000000, 0x0000000087000000, 0x0000000087100000|  0%| F|  |TAMS 0x0000000087000000, 0x0000000087000000| Untracked 
|  99|0x0000000087100000, 0x0000000087100000, 0x0000000087200000|  0%| F|  |TAMS 0x0000000087100000, 0x0000000087100000| Untracked 
| 100|0x0000000087200000, 0x0000000087200000, 0x0000000087300000|  0%| F|  |TAMS 0x0000000087200000, 0x0000000087200000| Untracked 
| 101|0x0000000087300000, 0x0000000087300000, 0x0000000087400000|  0%| F|  |TAMS 0x0000000087300000, 0x0000000087300000| Untracked 
| 102|0x0000000087400000, 0x0000000087400000, 0x0000000087500000|  0%| F|  |TAMS 0x0000000087400000, 0x0000000087400000| Untracked 
| 103|0x0000000087500000, 0x0000000087500000, 0x0000000087600000|  0%| F|  |TAMS 0x0000000087500000, 0x0000000087500000| Untracked 
| 104|0x0000000087600000, 0x0000000087600000, 0x0000000087700000|  0%| F|  |TAMS 0x0000000087600000, 0x0000000087600000| Untracked 
| 105|0x0000000087700000, 0x0000000087700000, 0x0000000087800000|  0%| F|  |TAMS 0x0000000087700000, 0x0000000087700000| Untracked 
| 106|0x0000000087800000, 0x0000000087800000, 0x0000000087900000|  0%| F|  |TAMS 0x0000000087800000, 0x0000000087800000| Untracked 
| 107|0x0000000087900000, 0x0000000087900000, 0x0000000087a00000|  0%| F|  |TAMS 0x0000000087900000, 0x0000000087900000| Untracked 
| 108|0x0000000087a00000, 0x0000000087a00000, 0x0000000087b00000|  0%| F|  |TAMS 0x0000000087a00000, 0x0000000087a00000| Untracked 
| 109|0x0000000087b00000, 0x0000000087b00000, 0x0000000087c00000|  0%| F|  |TAMS 0x0000000087b00000, 0x0000000087b00000| Untracked 
| 110|0x0000000087c00000, 0x0000000087c00000, 0x0000000087d00000|  0%| F|  |TAMS 0x0000000087c00000, 0x0000000087c00000| Untracked 
| 111|0x0000000087d00000, 0x0000000087d00000, 0x0000000087e00000|  0%| F|  |TAMS 0x0000000087d00000, 0x0000000087d00000| Untracked 
| 112|0x0000000087e00000, 0x0000000087e00000, 0x0000000087f00000|  0%| F|  |TAMS 0x0000000087e00000, 0x0000000087e00000| Untracked 
| 113|0x0000000087f00000, 0x0000000087f00000, 0x0000000088000000|  0%| F|  |TAMS 0x0000000087f00000, 0x0000000087f00000| Untracked 
| 114|0x0000000088000000, 0x0000000088000000, 0x0000000088100000|  0%| F|  |TAMS 0x0000000088000000, 0x0000000088000000| Untracked 
| 115|0x0000000088100000, 0x0000000088100000, 0x0000000088200000|  0%| F|  |TAMS 0x0000000088100000, 0x0000000088100000| Untracked 
| 116|0x0000000088200000, 0x0000000088200000, 0x0000000088300000|  0%| F|  |TAMS 0x0000000088200000, 0x0000000088200000| Untracked 
| 117|0x0000000088300000, 0x0000000088300000, 0x0000000088400000|  0%| F|  |TAMS 0x0000000088300000, 0x0000000088300000| Untracked 
| 118|0x0000000088400000, 0x0000000088473c18, 0x0000000088500000| 45%| E|  |TAMS 0x0000000088400000, 0x0000000088400000| Complete 
| 119|0x0000000088500000, 0x0000000088600000, 0x0000000088600000|100%| E|CS|TAMS 0x0000000088500000, 0x0000000088500000| Complete 
| 120|0x0000000088600000, 0x0000000088700000, 0x0000000088700000|100%| E|  |TAMS 0x0000000088600000, 0x0000000088600000| Complete 
| 121|0x0000000088700000, 0x0000000088800000, 0x0000000088800000|100%| E|CS|TAMS 0x0000000088700000, 0x0000000088700000| Complete 
| 122|0x0000000088800000, 0x00000000888e2170, 0x0000000088900000| 88%| S|CS|TAMS 0x0000000088800000, 0x0000000088800000| Complete 
| 123|0x0000000088900000, 0x0000000088a00000, 0x0000000088a00000|100%| E|CS|TAMS 0x0000000088900000, 0x0000000088900000| Complete 
| 124|0x0000000088a00000, 0x0000000088b00000, 0x0000000088b00000|100%| E|CS|TAMS 0x0000000088a00000, 0x0000000088a00000| Complete 
| 125|0x0000000088b00000, 0x0000000088c00000, 0x0000000088c00000|100%| E|CS|TAMS 0x0000000088b00000, 0x0000000088b00000| Complete 
| 126|0x0000000088c00000, 0x0000000088d00000, 0x0000000088d00000|100%| E|CS|TAMS 0x0000000088c00000, 0x0000000088c00000| Complete 
| 127|0x0000000088d00000, 0x0000000088e00000, 0x0000000088e00000|100%| E|CS|TAMS 0x0000000088d00000, 0x0000000088d00000| Complete 

Card table byte_map: [0x0000028415870000,0x0000028415c70000] _byte_map_base: 0x0000028415469000

Marking Bits (Prev, Next): (CMBitMap*) 0x00000284031f13b0, (CMBitMap*) 0x00000284031f13f0
 Prev Bits: [0x0000028416070000, 0x0000028418038000)
 Next Bits: [0x0000028418040000, 0x000002841a008000)

Polling page: 0x0000028401070000

Metaspace:

Usage:
  Non-class:     12.72 MB used.
      Class:      1.29 MB used.
       Both:     14.02 MB used.

Virtual space:
  Non-class space:       16.00 MB reserved,      12.81 MB ( 80%) committed,  2 nodes.
      Class space:        1.00 GB reserved,       1.38 MB ( <1%) committed,  1 nodes.
             Both:        1.02 GB reserved,      14.19 MB (  1%) committed. 

Chunk freelists:
   Non-Class:  2.70 MB
       Class:  2.61 MB
        Both:  5.31 MB

MaxMetaspaceSize: unlimited
CompressedClassSpaceSize: 1.00 GB
Initial GC threshold: 21.00 MB
Current GC threshold: 21.00 MB
CDS: off
MetaspaceReclaimPolicy: balanced
 - commit_granule_bytes: 65536.
 - commit_granule_words: 8192.
 - virtual_space_node_default_size: 1048576.
 - enlarge_chunks_in_place: 1.
 - new_chunks_are_fully_committed: 0.
 - uncommit_free_chunks: 1.
 - use_allocation_guard: 0.
 - handle_deallocations: 1.


Internal statistics:

num_allocs_failed_limit: 0.
num_arena_births: 48.
num_arena_deaths: 0.
num_vsnodes_births: 3.
num_vsnodes_deaths: 0.
num_space_committed: 227.
num_space_uncommitted: 0.
num_chunks_returned_to_freelist: 0.
num_chunks_taken_from_freelist: 147.
num_chunk_merges: 0.
num_chunk_splits: 75.
num_chunks_enlarged: 51.
num_purges: 0.
num_inconsistent_stats: 0.

CodeHeap 'non-profiled nmethods': size=120064Kb used=348Kb max_used=348Kb free=119715Kb
 bounds [0x000002840e330000, 0x000002840e5a0000, 0x0000028415870000]
CodeHeap 'profiled nmethods': size=120000Kb used=2015Kb max_used=2015Kb free=117984Kb
 bounds [0x0000028406e00000, 0x0000028407070000, 0x000002840e330000]
CodeHeap 'non-nmethods': size=5696Kb used=1223Kb max_used=1238Kb free=4472Kb
 bounds [0x0000028406870000, 0x0000028406ae0000, 0x0000028406e00000]
 total_blobs=1522 nmethods=1075 adapters=361
 compilation: enabled
              stopped_count=0, restarted_count=0
 full_count=0

Compilation events (20 events):
Event: 8.123 Thread 0x000002841d0144a0 1066       3       java.lang.StackStreamFactory$AbstractStackWalker::checkState (163 bytes)
Event: 8.125 Thread 0x000002841d0144a0 nmethod 1066 0x0000028406ff1f10 code [0x0000028406ff2200, 0x0000028406ff2f28]
Event: 8.125 Thread 0x000002841d0144a0 1067       3       java.util.regex.Matcher::find (35 bytes)
Event: 8.125 Thread 0x000002841d0144a0 nmethod 1067 0x0000028406ff3490 code [0x0000028406ff3680, 0x0000028406ff3a78]
Event: 8.125 Thread 0x000002841d0144a0 1068       3       java.util.Formatter$FormatSpecifier::<init> (264 bytes)
Event: 8.127 Thread 0x000002841d0144a0 nmethod 1068 0x0000028406ff3c10 code [0x0000028406ff4080, 0x0000028406ff5988]
Event: 8.127 Thread 0x000002841d0144a0 1069       3       java.util.Formatter$FormatSpecifier::checkBadFlags (49 bytes)
Event: 8.127 Thread 0x000002841d0144a0 nmethod 1069 0x0000028406ff6390 code [0x0000028406ff6560, 0x0000028406ff68e8]
Event: 8.128 Thread 0x000002841d0144a0 1070       1       java.util.logging.Logger::getName (5 bytes)
Event: 8.128 Thread 0x000002841d0144a0 nmethod 1070 0x000002840e386b10 code [0x000002840e386ca0, 0x000002840e386d78]
Event: 8.130 Thread 0x000002841c4222a0 1071       4       java.lang.String::indexOf (29 bytes)
Event: 8.132 Thread 0x000002841c4222a0 nmethod 1071 0x000002840e386e10 code [0x000002840e386fa0, 0x000002840e387198]
Event: 8.133 Thread 0x000002841d0144a0 1072       3       java.util.Formatter$FormatSpecifier::localizedMagnitude (19 bytes)
Event: 8.133 Thread 0x000002841d0144a0 nmethod 1072 0x0000028406ff6a90 code [0x0000028406ff6c40, 0x0000028406ff6df8]
Event: 8.133 Thread 0x000002841d0144a0 1073       3       java.util.stream.FindOps$FindSink::accept (18 bytes)
Event: 8.134 Thread 0x000002841d0144a0 nmethod 1073 0x0000028406ff6f10 code [0x0000028406ff70a0, 0x0000028406ff7238]
Event: 8.134 Thread 0x000002841d0144a0 1074       3       java.nio.ByteBuffer::arrayOffset (35 bytes)
Event: 8.134 Thread 0x000002841d0144a0 nmethod 1074 0x0000028406ff7310 code [0x0000028406ff74e0, 0x0000028406ff77d8]
Event: 8.135 Thread 0x000002841d0144a0 1075       3       sun.util.locale.LocaleUtils::isAlpha (30 bytes)
Event: 8.135 Thread 0x000002841d0144a0 nmethod 1075 0x0000028406ff7910 code [0x0000028406ff7aa0, 0x0000028406ff7c98]

GC Heap History (4 events):
Event: 0.578 GC heap before
{Heap before GC invocations=0 (full 0):
 garbage-first heap   total 131072K, used 5120K [0x0000000080e00000, 0x0000000100000000)
  region size 1024K, 6 young (6144K), 0 survivors (0K)
 Metaspace       used 10093K, committed 10240K, reserved 1064960K
  class space    used 885K, committed 960K, reserved 1048576K
}
Event: 0.581 GC heap after
{Heap after GC invocations=1 (full 0):
 garbage-first heap   total 131072K, used 2056K [0x0000000080e00000, 0x0000000100000000)
  region size 1024K, 1 young (1024K), 1 survivors (1024K)
 Metaspace       used 10093K, committed 10240K, reserved 1064960K
  class space    used 885K, committed 960K, reserved 1048576K
}
Event: 0.788 GC heap before
{Heap before GC invocations=1 (full 0):
 garbage-first heap   total 131072K, used 6152K [0x0000000080e00000, 0x0000000100000000)
  region size 1024K, 6 young (6144K), 1 survivors (1024K)
 Metaspace       used 12163K, committed 12416K, reserved 1064960K
  class space    used 1093K, committed 1216K, reserved 1048576K
}
Event: 0.791 GC heap after
{Heap after GC invocations=2 (full 0):
 garbage-first heap   total 131072K, used 3043K [0x0000000080e00000, 0x0000000100000000)
  region size 1024K, 1 young (1024K), 1 survivors (1024K)
 Metaspace       used 12163K, committed 12416K, reserved 1064960K
  class space    used 1093K, committed 1216K, reserved 1048576K
}

Deoptimization events (20 events):
Event: 0.823 Thread 0x00000284031b4110 Uncommon trap: trap_request=0xffffffc6 fr.pc=0x000002840e35e754 relative=0x0000000000001714
Event: 0.823 Thread 0x00000284031b4110 Uncommon trap: reason=bimorphic_or_optimized_type_check action=maybe_recompile pc=0x000002840e35e754 method=java.util.HashMap.putVal(ILjava/lang/Object;Ljava/lang/Object;ZZ)Ljava/lang/Object; @ 56 c2
Event: 0.823 Thread 0x00000284031b4110 DEOPT PACKING pc=0x000002840e35e754 sp=0x000000bdaf5fd090
Event: 0.823 Thread 0x00000284031b4110 DEOPT UNPACKING pc=0x00000284068c239d sp=0x000000bdaf5fcfd0 mode 2
Event: 0.823 Thread 0x00000284031b4110 Uncommon trap: trap_request=0xffffffc6 fr.pc=0x000002840e35e754 relative=0x0000000000001714
Event: 0.823 Thread 0x00000284031b4110 Uncommon trap: reason=bimorphic_or_optimized_type_check action=maybe_recompile pc=0x000002840e35e754 method=java.util.HashMap.putVal(ILjava/lang/Object;Ljava/lang/Object;ZZ)Ljava/lang/Object; @ 56 c2
Event: 0.823 Thread 0x00000284031b4110 DEOPT PACKING pc=0x000002840e35e754 sp=0x000000bdaf5fd090
Event: 0.823 Thread 0x00000284031b4110 DEOPT UNPACKING pc=0x00000284068c239d sp=0x000000bdaf5fcfd0 mode 2
Event: 0.923 Thread 0x00000284031b4110 Uncommon trap: trap_request=0xffffff45 fr.pc=0x000002840e373924 relative=0x0000000000000284
Event: 0.923 Thread 0x00000284031b4110 Uncommon trap: reason=unstable_if action=reinterpret pc=0x000002840e373924 method=java.util.HashMap.putVal(ILjava/lang/Object;Ljava/lang/Object;ZZ)Ljava/lang/Object; @ 162 c2
Event: 0.923 Thread 0x00000284031b4110 DEOPT PACKING pc=0x000002840e373924 sp=0x000000bdaf5fcc90
Event: 0.923 Thread 0x00000284031b4110 DEOPT UNPACKING pc=0x00000284068c239d sp=0x000000bdaf5fcbf8 mode 2
Event: 1.014 Thread 0x00000284031b4110 Uncommon trap: trap_request=0xffffff45 fr.pc=0x000002840e350ac8 relative=0x00000000000000a8
Event: 1.014 Thread 0x00000284031b4110 Uncommon trap: reason=unstable_if action=reinterpret pc=0x000002840e350ac8 method=java.lang.invoke.VarHandle.checkExactAccessMode(Ljava/lang/invoke/VarHandle$AccessDescriptor;)V @ 4 c2
Event: 1.014 Thread 0x00000284031b4110 DEOPT PACKING pc=0x000002840e350ac8 sp=0x000000bdaf5fe210
Event: 1.014 Thread 0x00000284031b4110 DEOPT UNPACKING pc=0x00000284068c239d sp=0x000000bdaf5fe1d0 mode 2
Event: 1.037 Thread 0x000002841db681d0 Uncommon trap: trap_request=0xffffff45 fr.pc=0x000002840e3550e8 relative=0x0000000000000068
Event: 1.037 Thread 0x000002841db681d0 Uncommon trap: reason=unstable_if action=reinterpret pc=0x000002840e3550e8 method=java.io.WinNTFileSystem.isSlash(C)Z @ 9 c2
Event: 1.037 Thread 0x000002841db681d0 DEOPT PACKING pc=0x000002840e3550e8 sp=0x000000bdb0ffe550
Event: 1.037 Thread 0x000002841db681d0 DEOPT UNPACKING pc=0x00000284068c239d sp=0x000000bdb0ffe4e8 mode 2

Classes unloaded (0 events):
No events

Classes redefined (0 events):
No events

Internal exceptions (7 events):
Event: 0.677 Thread 0x00000284031b4110 Exception <a 'java/lang/NoSuchMethodError'{0x0000000088b3cdc0}: 'java.lang.Object java.lang.invoke.DirectMethodHandle$Holder.invokeStaticInit(java.lang.Object)'> (0x0000000088b3cdc0) 
thrown [e:\jenkins\tmp\workspace\build\src\src\hotspot\share\interpreter\linkResolver.cpp, line 766]
Event: 0.679 Thread 0x00000284031b4110 Exception <a 'java/lang/NoSuchMethodError'{0x0000000088b4d710}: 'void java.lang.invoke.DirectMethodHandle$Holder.invokeSpecial(java.lang.Object, java.lang.Object, java.lang.Object)'> (0x0000000088b4d710) 
thrown [e:\jenkins\tmp\workspace\build\src\src\hotspot\share\interpreter\linkResolver.cpp, line 766]
Event: 0.692 Thread 0x00000284031b4110 Exception <a 'java/lang/ClassNotFoundException'{0x0000000088b95d68}: sun/util/logging/resources/spi/loggingProvider> (0x0000000088b95d68) 
thrown [e:\jenkins\tmp\workspace\build\src\src\hotspot\share\classfile\systemDictionary.cpp, line 256]
Event: 0.811 Thread 0x00000284031b4110 Exception <a 'java/lang/NoSuchMethodError'{0x0000000088d70b10}: 'java.lang.Object java.lang.invoke.DirectMethodHandle$Holder.invokeStaticInit(java.lang.Object, int, int, int, int)'> (0x0000000088d70b10) 
thrown [e:\jenkins\tmp\workspace\build\src\src\hotspot\share\interpreter\linkResolver.cpp, line 766]
Event: 0.975 Thread 0x00000284031b4110 Exception <a 'java/lang/NoSuchMethodError'{0x0000000088a253f8}: 'java.lang.Object java.lang.invoke.DirectMethodHandle$Holder.invokeStaticInit(java.lang.Object, java.lang.Object, int, int, int, int)'> (0x0000000088a253f8) 
thrown [e:\jenkins\tmp\workspace\build\src\src\hotspot\share\interpreter\linkResolver.cpp, line 766]
Event: 1.013 Thread 0x00000284031b4110 Exception <a 'java/lang/NoSuchMethodError'{0x0000000088964b80}: 'void java.lang.invoke.DirectMethodHandle$Holder.invokeStatic(java.lang.Object, java.lang.Object, java.lang.Object)'> (0x0000000088964b80) 
thrown [e:\jenkins\tmp\workspace\build\src\src\hotspot\share\interpreter\linkResolver.cpp, line 766]
Event: 8.089 Thread 0x000002841db67500 Exception <a 'java/lang/NoSuchMethodError'{0x00000000885d2c30}: 'void java.lang.invoke.DirectMethodHandle$Holder.invokeStatic(java.lang.Object, java.lang.Object, java.lang.Object, java.lang.Object)'> (0x00000000885d2c30) 
thrown [e:\jenkins\tmp\workspace\build\src\src\hotspot\share\interpreter\linkResolver.cpp, line 766]

VM Operations (20 events):
Event: 0.270 Executing VM operation: ChangeBreakpoints
Event: 0.270 Executing VM operation: ChangeBreakpoints done
Event: 0.578 Executing VM operation: G1CollectForAllocation
Event: 0.581 Executing VM operation: G1CollectForAllocation done
Event: 0.664 Executing VM operation: HandshakeAllThreads
Event: 0.664 Executing VM operation: HandshakeAllThreads done
Event: 0.788 Executing VM operation: G1CollectForAllocation
Event: 0.791 Executing VM operation: G1CollectForAllocation done
Event: 0.797 Executing VM operation: HandshakeAllThreads
Event: 0.797 Executing VM operation: HandshakeAllThreads done
Event: 0.822 Executing VM operation: HandshakeAllThreads
Event: 0.822 Executing VM operation: HandshakeAllThreads done
Event: 1.042 Executing VM operation: HandshakeAllThreads
Event: 1.073 Executing VM operation: HandshakeAllThreads done
Event: 2.073 Executing VM operation: Cleanup
Event: 2.073 Executing VM operation: Cleanup done
Event: 8.059 Executing VM operation: HandshakeAllThreads
Event: 8.059 Executing VM operation: HandshakeAllThreads done
Event: 8.127 Executing VM operation: ICBufferFull
Event: 8.129 Executing VM operation: ICBufferFull done

Events (20 events):
Event: 8.088 loading class java/time/temporal/TemporalQueries$4 done
Event: 8.088 loading class java/time/temporal/TemporalQueries$5
Event: 8.088 loading class java/time/temporal/TemporalQueries$5 done
Event: 8.088 loading class java/time/temporal/TemporalQueries$6
Event: 8.088 loading class java/time/temporal/TemporalQueries$6 done
Event: 8.088 loading class java/time/temporal/TemporalQueries$7
Event: 8.088 loading class java/time/temporal/TemporalQueries$7 done
Event: 8.095 Thread 0x000002841dbb4800 Thread added: 0x000002841dbb4800
Event: 8.096 Thread 0x000002841dbb51a0 Thread added: 0x000002841dbb51a0
Event: 8.097 Thread 0x000002841dbb2180 Thread added: 0x000002841dbb2180
Event: 8.104 Thread 0x000002841dbb2650 Thread added: 0x000002841dbb2650
Event: 8.104 Thread 0x000002841dbb3e60 Thread added: 0x000002841dbb3e60
Event: 8.104 Thread 0x000002841dbb4cd0 Thread added: 0x000002841dbb4cd0
Event: 8.105 Thread 0x000002841dbb4800 Thread exited: 0x000002841dbb4800
Event: 8.105 Thread 0x000002841dbb51a0 Thread exited: 0x000002841dbb51a0
Event: 8.108 Thread 0x000002841dbb2180 Thread exited: 0x000002841dbb2180
Event: 8.129 Thread 0x000002841dbb2650 Thread exited: 0x000002841dbb2650
Event: 8.133 Thread 0x000002841dbb34c0 Thread added: 0x000002841dbb34c0
Event: 8.134 Thread 0x000002841dbb51a0 Thread added: 0x000002841dbb51a0
Event: 8.135 Thread 0x000002841dbb4800 Thread added: 0x000002841dbb4800


Dynamic libraries:
0x00007ff6edde0000 - 0x00007ff6eddee000 	C:\Users\bogd\eclipse\plugins\org.eclipse.justj.openjdk.hotspot.jre.full.win32.x86_64_17.0.2.v20220201-1208\jre\bin\javaw.exe
0x00007fff7c350000 - 0x00007fff7c547000 	C:\WINDOWS\SYSTEM32\ntdll.dll
0x00007fff7b710000 - 0x00007fff7b7cd000 	C:\WINDOWS\System32\KERNEL32.DLL
0x00007fff79fa0000 - 0x00007fff7a26d000 	C:\WINDOWS\System32\KERNELBASE.dll
0x00007fff79e50000 - 0x00007fff79f50000 	C:\WINDOWS\System32\ucrtbase.dll
0x00007fff755c0000 - 0x00007fff755d8000 	C:\Users\bogd\eclipse\plugins\org.eclipse.justj.openjdk.hotspot.jre.full.win32.x86_64_17.0.2.v20220201-1208\jre\bin\jli.dll
0x00007fff7a570000 - 0x00007fff7a710000 	C:\WINDOWS\System32\USER32.dll
0x00007fff79b80000 - 0x00007fff79ba2000 	C:\WINDOWS\System32\win32u.dll
0x00007fff7b5b0000 - 0x00007fff7b5da000 	C:\WINDOWS\System32\GDI32.dll
0x00007fff79a70000 - 0x00007fff79b7b000 	C:\WINDOWS\System32\gdi32full.dll
0x00007fff79bb0000 - 0x00007fff79c4d000 	C:\WINDOWS\System32\msvcp_win.dll
0x00007fff6d380000 - 0x00007fff6d399000 	C:\Users\bogd\eclipse\plugins\org.eclipse.justj.openjdk.hotspot.jre.full.win32.x86_64_17.0.2.v20220201-1208\jre\bin\VCRUNTIME140.dll
0x00007fff728e0000 - 0x00007fff72b7a000 	C:\WINDOWS\WinSxS\amd64_microsoft.windows.common-controls_6595b64144ccf1df_6.0.19041.1110_none_60b5254171f9507e\COMCTL32.dll
0x00007fff7bc60000 - 0x00007fff7bcfe000 	C:\WINDOWS\System32\msvcrt.dll
0x00007fff7a7d0000 - 0x00007fff7a800000 	C:\WINDOWS\System32\IMM32.DLL
0x00007fff772e0000 - 0x00007fff772ec000 	C:\Users\bogd\eclipse\plugins\org.eclipse.justj.openjdk.hotspot.jre.full.win32.x86_64_17.0.2.v20220201-1208\jre\bin\vcruntime140_1.dll
0x00007fff6b0d0000 - 0x00007fff6b161000 	C:\Users\bogd\eclipse\plugins\org.eclipse.justj.openjdk.hotspot.jre.full.win32.x86_64_17.0.2.v20220201-1208\jre\bin\msvcp140.dll
0x00007fff38630000 - 0x00007fff39277000 	C:\Users\bogd\eclipse\plugins\org.eclipse.justj.openjdk.hotspot.jre.full.win32.x86_64_17.0.2.v20220201-1208\jre\bin\server\jvm.dll
0x00007fff7a710000 - 0x00007fff7a7be000 	C:\WINDOWS\System32\ADVAPI32.dll
0x00007fff7b4a0000 - 0x00007fff7b53c000 	C:\WINDOWS\System32\sechost.dll
0x00007fff7a3b0000 - 0x00007fff7a4d5000 	C:\WINDOWS\System32\RPCRT4.dll
0x00007fff7bc50000 - 0x00007fff7bc58000 	C:\WINDOWS\System32\PSAPI.DLL
0x00007fff75620000 - 0x00007fff75629000 	C:\WINDOWS\SYSTEM32\WSOCK32.dll
0x00007fff7b540000 - 0x00007fff7b5ab000 	C:\WINDOWS\System32\WS2_32.dll
0x00007fff73a00000 - 0x00007fff73a27000 	C:\WINDOWS\SYSTEM32\WINMM.dll
0x00007fff73a30000 - 0x00007fff73a3a000 	C:\WINDOWS\SYSTEM32\VERSION.dll
0x00007fff778b0000 - 0x00007fff778c2000 	C:\WINDOWS\SYSTEM32\kernel.appcore.dll
0x00007fff74db0000 - 0x00007fff74dba000 	C:\Users\bogd\eclipse\plugins\org.eclipse.justj.openjdk.hotspot.jre.full.win32.x86_64_17.0.2.v20220201-1208\jre\bin\jimage.dll
0x00007fff68fd0000 - 0x00007fff691b4000 	C:\WINDOWS\SYSTEM32\DBGHELP.DLL
0x00007fff68c80000 - 0x00007fff68cac000 	C:\WINDOWS\SYSTEM32\dbgcore.DLL
0x00007fff7a320000 - 0x00007fff7a3a2000 	C:\WINDOWS\System32\bcryptPrimitives.dll
0x00007fff6d560000 - 0x00007fff6d59b000 	C:\Users\bogd\eclipse\plugins\org.eclipse.justj.openjdk.hotspot.jre.full.win32.x86_64_17.0.2.v20220201-1208\jre\bin\jdwp.dll
0x00007fff77300000 - 0x00007fff7730e000 	C:\Users\bogd\eclipse\plugins\org.eclipse.justj.openjdk.hotspot.jre.full.win32.x86_64_17.0.2.v20220201-1208\jre\bin\instrument.dll
0x00007fff6d4f0000 - 0x00007fff6d515000 	C:\Users\bogd\eclipse\plugins\org.eclipse.justj.openjdk.hotspot.jre.full.win32.x86_64_17.0.2.v20220201-1208\jre\bin\java.dll
0x00007fff6d4d0000 - 0x00007fff6d4e8000 	C:\Users\bogd\eclipse\plugins\org.eclipse.justj.openjdk.hotspot.jre.full.win32.x86_64_17.0.2.v20220201-1208\jre\bin\zip.dll
0x00007fff7ad50000 - 0x00007fff7b494000 	C:\WINDOWS\System32\SHELL32.dll
0x00007fff77b90000 - 0x00007fff78324000 	C:\WINDOWS\SYSTEM32\windows.storage.dll
0x00007fff7bfb0000 - 0x00007fff7c304000 	C:\WINDOWS\System32\combase.dll
0x00007fff79400000 - 0x00007fff7942c000 	C:\WINDOWS\SYSTEM32\Wldp.dll
0x00007fff7bd10000 - 0x00007fff7bdbd000 	C:\WINDOWS\System32\SHCORE.dll
0x00007fff7ac70000 - 0x00007fff7acc5000 	C:\WINDOWS\System32\shlwapi.dll
0x00007fff799b0000 - 0x00007fff799cf000 	C:\WINDOWS\SYSTEM32\profapi.dll
0x00007fff772f0000 - 0x00007fff772fc000 	C:\Users\bogd\eclipse\plugins\org.eclipse.justj.openjdk.hotspot.jre.full.win32.x86_64_17.0.2.v20220201-1208\jre\bin\dt_socket.dll
0x00007fff78e50000 - 0x00007fff78e8b000 	C:\WINDOWS\SYSTEM32\IPHLPAPI.DLL
0x00007fff79160000 - 0x00007fff791ca000 	C:\WINDOWS\system32\mswsock.dll
0x00007fff78e90000 - 0x00007fff78f5b000 	C:\WINDOWS\SYSTEM32\DNSAPI.dll
0x00007fff7bd00000 - 0x00007fff7bd08000 	C:\WINDOWS\System32\NSI.dll
0x00007fff733b0000 - 0x00007fff733ba000 	C:\Windows\System32\rasadhlp.dll
0x00007fff6ddf0000 - 0x00007fff6de70000 	C:\WINDOWS\System32\fwpuclnt.dll
0x00007fff79e20000 - 0x00007fff79e47000 	C:\WINDOWS\System32\bcrypt.dll
0x00007fff6d4b0000 - 0x00007fff6d4c9000 	C:\Users\bogd\eclipse\plugins\org.eclipse.justj.openjdk.hotspot.jre.full.win32.x86_64_17.0.2.v20220201-1208\jre\bin\net.dll
0x00007fff6ded0000 - 0x00007fff6dfda000 	C:\WINDOWS\SYSTEM32\WINHTTP.dll
0x00007fff6d490000 - 0x00007fff6d4a5000 	C:\Users\bogd\eclipse\plugins\org.eclipse.justj.openjdk.hotspot.jre.full.win32.x86_64_17.0.2.v20220201-1208\jre\bin\nio.dll
0x00007fff74da0000 - 0x00007fff74db0000 	C:\Users\bogd\eclipse\plugins\org.eclipse.justj.openjdk.hotspot.jre.full.win32.x86_64_17.0.2.v20220201-1208\jre\bin\verify.dll
0x00007fff6d350000 - 0x00007fff6d35e000 	C:\Users\bogd\eclipse\plugins\org.eclipse.justj.openjdk.hotspot.jre.full.win32.x86_64_17.0.2.v20220201-1208\jre\bin\sunmscapi.dll
0x00007fff79cc0000 - 0x00007fff79e16000 	C:\WINDOWS\System32\CRYPT32.dll
0x00007fff79470000 - 0x00007fff79497000 	C:\WINDOWS\SYSTEM32\ncrypt.dll
0x00007fff79430000 - 0x00007fff7946b000 	C:\WINDOWS\SYSTEM32\NTASN1.dll
0x00007fff6d2a0000 - 0x00007fff6d2a7000 	C:\WINDOWS\system32\wshunix.dll
0x00007fff79350000 - 0x00007fff79368000 	C:\WINDOWS\SYSTEM32\CRYPTSP.dll
0x00007fff78ae0000 - 0x00007fff78b14000 	C:\WINDOWS\system32\rsaenh.dll
0x00007fff79930000 - 0x00007fff7995e000 	C:\WINDOWS\SYSTEM32\USERENV.dll
0x00007fff79370000 - 0x00007fff7937c000 	C:\WINDOWS\SYSTEM32\CRYPTBASE.dll
0x00007fff73d30000 - 0x00007fff73d47000 	C:\WINDOWS\SYSTEM32\dhcpcsvc6.DLL
0x00007fff74970000 - 0x00007fff7498d000 	C:\WINDOWS\SYSTEM32\dhcpcsvc.DLL
0x00007fff6d520000 - 0x00007fff6d554000 	C:\Users\bogd\AppData\Local\Temp\jSerialComm\1656334931486-jSerialComm.dll
0x00007fff7a800000 - 0x00007fff7ac6f000 	C:\WINDOWS\System32\SETUPAPI.dll
0x00007fff79f50000 - 0x00007fff79f9e000 	C:\WINDOWS\System32\cfgmgr32.dll
0x00007fff79750000 - 0x00007fff7977c000 	C:\WINDOWS\SYSTEM32\DEVOBJ.dll
0x00007fff79c50000 - 0x00007fff79cb7000 	C:\WINDOWS\System32\WINTRUST.dll
0x00007fff79590000 - 0x00007fff795a2000 	C:\WINDOWS\SYSTEM32\MSASN1.dll

dbghelp: loaded successfully - version: 4.0.5 - missing functions: none
symbol engine: initialized successfully - sym options: 0x614 - pdb path: .;C:\Users\bogd\eclipse\plugins\org.eclipse.justj.openjdk.hotspot.jre.full.win32.x86_64_17.0.2.v20220201-1208\jre\bin;C:\WINDOWS\SYSTEM32;C:\WINDOWS\WinSxS\amd64_microsoft.windows.common-controls_6595b64144ccf1df_6.0.19041.1110_none_60b5254171f9507e;C:\Users\bogd\eclipse\plugins\org.eclipse.justj.openjdk.hotspot.jre.full.win32.x86_64_17.0.2.v20220201-1208\jre\bin\server;C:\Users\bogd\AppData\Local\Temp\jSerialComm

VM Arguments:
jvm_args: -XX:+ShowCodeDetailsInExceptionMessages -agentlib:jdwp=transport=dt_socket,suspend=y,address=localhost:51570 -javaagent:C:\Users\bogd\eclipse\configuration\org.eclipse.osgi\768\0\.cp\lib\javaagent-shaded.jar -Dfile.encoding=Cp1251 
java_command: CityLink2RTR.Launcher
java_class_path (initial): C:\BOGD-PROJECTS\CityLink2RTR\bin\main;\CityLink2RTR\bin\default;C:\Users\bogd\.gradle\caches\modules-2\files-2.1\org.apache.commons\commons-math3\3.6.1\e4ba98f1d4b3c80ec46392f25e094a6a2e58fcbf\commons-math3-3.6.1.jar;C:\Users\bogd\.gradle\caches\modules-2\files-2.1\com.google.guava\guava\30.1.1-jre\87e0fd1df874ea3cbe577702fe6f17068b790fd8\guava-30.1.1-jre.jar;C:\Users\bogd\.gradle\caches\modules-2\files-2.1\com.fazecast\jSerialComm\2.9.1\9017dc39fc063489c2e509f0bde8096a57c2e5c0\jSerialComm-2.9.1.jar;C:\Users\bogd\.gradle\caches\modules-2\files-2.1\org.ini4j\ini4j\0.5.4\4a3ee4146a90c619b20977d65951825f5675b560\ini4j-0.5.4.jar;C:\Users\bogd\.gradle\caches\modules-2\files-2.1\com.google.guava\failureaccess\1.0.1\1dcf1de382a0bf95a3d8b0849546c88bac1292c9\failureaccess-1.0.1.jar;C:\Users\bogd\.gradle\caches\modules-2\files-2.1\com.google.guava\listenablefuture\9999.0-empty-to-avoid-conflict-with-guava\b421526c5f297295adef1c886e5246c39d4ac629\listenablefuture-9999.0-empty-to-avoid-conflict-with-guava.jar;C:\Users\bogd\.gradle\caches\modules-2\files-2.1\com.google.code.findbugs\jsr305\3.0.2\25ea2e8b0c338a877313bd4672d3fe056ea78f0d\jsr305-3.0.2.jar;C:\Users\bogd\.gradle\caches\modules-2\files-2.1\org.checkerframework\checker-qual\3.8.0\6b83e4a33220272c3a08991498ba9dc09519f190\checker-qual-3.8.0.jar;C:\Users\bogd\.gradle\caches\modules-2\files-2.1\com.google.errorprone\error_prone_annotations\2.5.1\562d366678b89ce5d6b6b82c1a073880341e3fba\error_prone_annotations-2.5.1.jar;C:\Users\bogd\.gradle\caches\modules-2\files-2.1\com.google.j2objc\j2objc-annotations\1.3\ba035118bc8bac37d7eff77700720999acd9986d\j2objc-annotations-1.3.jar;C:\Users\bogd\.gradle\caches\modules-2\files-2.1\org.junit.jupiter\junit-jupiter-params\5.8.1\13afdb5d414cbe991fce3ef6b864de77c9644dae\junit-jupiter-params-5.8.1.jar;C:\Users\bogd\.gradle\caches\modules-2\files-2.1\org.junit.jupiter\junit-jupiter-api\5.8.1\6538b88eb8bf8811bc7b6efb5246f835c15e0bfe\junit-jupiter-api-5.8.1.jar
Launcher Type: SUN_STANDARD

[Global flags]
     intx CICompilerCount                          = 2                                         {product} {ergonomic}
     uint ConcGCThreads                            = 1                                         {product} {ergonomic}
     uint G1ConcRefinementThreads                  = 2                                         {product} {ergonomic}
   size_t G1HeapRegionSize                         = 1048576                                   {product} {ergonomic}
    uintx GCDrainStackTargetSize                   = 64                                        {product} {ergonomic}
   size_t InitialHeapSize                          = 134217728                                 {product} {ergonomic}
   size_t MarkStackSize                            = 4194304                                   {product} {ergonomic}
   size_t MaxHeapSize                              = 2132803584                                {product} {ergonomic}
   size_t MaxNewSize                               = 1279262720                                {product} {ergonomic}
   size_t MinHeapDeltaBytes                        = 1048576                                   {product} {ergonomic}
   size_t MinHeapSize                              = 8388608                                   {product} {ergonomic}
    uintx NonNMethodCodeHeapSize                   = 5826188                                {pd product} {ergonomic}
    uintx NonProfiledCodeHeapSize                  = 122916026                              {pd product} {ergonomic}
    uintx ProfiledCodeHeapSize                     = 122916026                              {pd product} {ergonomic}
    uintx ReservedCodeCacheSize                    = 251658240                              {pd product} {ergonomic}
     bool SegmentedCodeCache                       = true                                      {product} {ergonomic}
     bool ShowCodeDetailsInExceptionMessages       = true                                   {manageable} {command line}
   size_t SoftMaxHeapSize                          = 2132803584                             {manageable} {ergonomic}
     bool UseCompressedClassPointers               = true                           {product lp64_product} {ergonomic}
     bool UseCompressedOops                        = true                           {product lp64_product} {ergonomic}
     bool UseG1GC                                  = true                                      {product} {ergonomic}
     bool UseLargePagesIndividualAllocation        = false                                  {pd product} {ergonomic}

Logging:
Log output configuration:
 #0: stdout all=warning uptime,level,tags
 #1: stderr all=off uptime,level,tags

Environment Variables:
JAVA_HOME=C:\Program Files\Eclipse Adoptium\jdk-17.0.1.12-hotspot\
PATH=C:\Users\bogd\eclipse\plugins\org.eclipse.justj.openjdk.hotspot.jre.full.win32.x86_64_17.0.2.v20220201-1208\jre\bin;C:/Users/bogd/eclipse//plugins/org.eclipse.justj.openjdk.hotspot.jre.full.win32.x86_64_17.0.2.v20220201-1208/jre/bin/server;C:/Users/bogd/eclipse//plugins/org.eclipse.justj.openjdk.hotspot.jre.full.win32.x86_64_17.0.2.v20220201-1208/jre/bin;C:\Program Files (x86)\NVIDIA Corporation\PhysX\Common;C:\Program Files\Eclipse Adoptium\jdk-17.0.1.12-hotspot\bin;C:\WINDOWS\system32;C:\WINDOWS;C:\WINDOWS\System32\Wbem;C:\WINDOWS\System32\WindowsPowerShell\v1.0\;C:\WINDOWS\System32\OpenSSH\;C:\Program Files\Git\cmd;C:\Program Files (x86)\STMicroelectronics\STM32 ST-LINK Utility\ST-LINK Utility;C:\msys64\mingw64\bin;C:\Program Files\PuTTY\;C:\Program Files (x86)\Microchip\xc8\v1.45\bin;C:\Program Files\nodejs\;C:\Users\bogd\AppData\Local\Programs\Python\Python39\Scripts\;C:\Users\bogd\AppData\Local\Programs\Python\Python39\;C:\Users\bogd\AppData\Local\Microsoft\WindowsApps;C:\Users\bogd\AppData\Roaming\npm;;C:\Users\bogd\eclipse;
USERNAME=bogd
OS=Windows_NT
PROCESSOR_IDENTIFIER=Intel64 Family 6 Model 60 Stepping 3, GenuineIntel



---------------  S Y S T E M  ---------------

OS:
 Windows 10 , 64 bit Build 19041 (10.0.19041.1741)
OS uptime: 0 days 5:44 hours

CPU: total 2 (initial active 2) (2 cores per cpu, 1 threads per core) family 6 model 60 stepping 3 microcode 0x27, cx8, cmov, fxsr, mmx, sse, sse2, sse3, ssse3, sse4.1, sse4.2, popcnt, lzcnt, tsc, tscinvbit, erms, clmul, clflush

Memory: 4k page, system-wide physical 8131M (4266M free)
TotalPageFile size 9411M (AvailPageFile size 4714M)
current process WorkingSet (physical memory assigned to process): 66M, peak: 66M
current process commit charge ("private bytes"): 208M, peak: 208M

vm_info: OpenJDK 64-Bit Server VM (17.0.2+8) for windows-amd64 JRE (17.0.2+8), built on Jan 20 2022 04:52:34 by "" with MS VC++ 16.7 (VS2019)

END.
